[debug] [2020-11-13T13:36:53.253Z] ----------------------------------------------------------------------
[debug] [2020-11-13T13:36:53.255Z] Command:       C:\Program Files\nodejs\node.exe C:\Users\todor\AppData\Roaming\npm\node_modules\firebase-tools\lib\bin\firebase.js init
[debug] [2020-11-13T13:36:53.255Z] CLI Version:   8.16.1
[debug] [2020-11-13T13:36:53.255Z] Platform:      win32
[debug] [2020-11-13T13:36:53.255Z] Node Version:  v12.16.3
[debug] [2020-11-13T13:36:53.256Z] Time:          Fri Nov 13 2020 15:36:53 GMT+0200 (Eastern European Standard Time)
[debug] [2020-11-13T13:36:53.256Z] ----------------------------------------------------------------------
[debug] [2020-11-13T13:36:53.256Z] 
[debug] [2020-11-13T13:36:53.261Z] > command requires scopes: ["email","openid","https://www.googleapis.com/auth/cloudplatformprojects.readonly","https://www.googleapis.com/auth/firebase","https://www.googleapis.com/auth/cloud-platform"]
[debug] [2020-11-13T13:36:53.262Z] > authorizing via signed-in user
[info] 
     ######## #### ########  ######## ########     ###     ######  ########
     ##        ##  ##     ## ##       ##     ##  ##   ##  ##       ##
     ######    ##  ########  ######   ########  #########  ######  ######
     ##        ##  ##    ##  ##       ##     ## ##     ##       ## ##
     ##       #### ##     ## ######## ########  ##     ##  ######  ########

You're about to initialize a Firebase project in this directory:

  D:\project collection\tic-tac-toe-project

[info] 
=== Project Setup
[info] 
[info] First, let's associate this project directory with a Firebase project.
[info] You can create multiple project aliases by running firebase use --add, 
[info] but for now we'll just set up a default project.
[info] 
[debug] [2020-11-13T13:37:01.041Z] >>> HTTP REQUEST GET https://firebase.googleapis.com/v1beta1/projects?pageSize=100  
 
[debug] [2020-11-13T13:37:01.407Z] <<< HTTP RESPONSE 200 {"content-type":"application/json; charset=UTF-8","vary":"X-Origin, Referer, Origin,Accept-Encoding","date":"Fri, 13 Nov 2020 13:37:01 GMT","server":"ESF","cache-control":"private","x-xss-protection":"0","x-frame-options":"SAMEORIGIN","x-content-type-options":"nosniff","alt-svc":"h3-Q050=\":443\"; ma=2592000,h3-29=\":443\"; ma=2592000,h3-T051=\":443\"; ma=2592000,h3-Q046=\":443\"; ma=2592000,h3-Q043=\":443\"; ma=2592000,quic=\":443\"; ma=2592000; v=\"46,43\"","accept-ranges":"none","transfer-encoding":"chunked"}
